[    0.000000] Linux version 4.15.0-194-generic (buildd@lcy02-amd64-052) (gcc version 7.5.0 (Ubuntu 7.5.0-3ubuntu1~18.04)) #205-Ubuntu SMP Fri Sep 16 19:49:27 UTC 2022 (Ubuntu 4.15.0-194.205-generic 4.15.18)
[    0.000000] Command line: BOOT_IMAGE=/boot/vmlinuz-4.15.0-194-generic root=LABEL=cloudimg-rootfs ro console=tty1 console=ttyS0
[    0.000000] KERNEL supported cpus:
[    0.000000]   Intel GenuineIntel
[    0.000000]   AMD AuthenticAMD
[    0.000000]   Centaur CentaurHauls
[    0.000000] x86/fpu: x87 FPU will use FXSAVE
[    0.000000] e820: BIOS-provided physical RAM map:
[    0.000000] BIOS-e820: [mem 0x0000000000000000-0x000000000009fbff] usable
[    0.000000] BIOS-e820: [mem 0x000000000009fc00-0x000000000009ffff] reserved
[    0.000000] BIOS-e820: [mem 0x00000000000f0000-0x00000000000fffff] reserved
[    0.000000] BIOS-e820: [mem 0x0000000000100000-0x000000003ffeffff] usable
[    0.000000] BIOS-e820: [mem 0x000000003fff0000-0x000000003fffffff] ACPI data
[    0.000000] BIOS-e820: [mem 0x00000000fec00000-0x00000000fec00fff] reserved
[    0.000000] BIOS-e820: [mem 0x00000000fee00000-0x00000000fee00fff] reserved
[    0.000000] BIOS-e820: [mem 0x00000000fffc0000-0x00000000ffffffff] reserved
[    0.000000] NX (Execute Disable) protection: active
[    0.000000] SMBIOS 2.5 present.
[    0.000000] DMI: innotek GmbH VirtualBox/VirtualBox, BIOS VirtualBox 12/01/2006
[    0.000000] Hypervisor detected: KVM
[    0.000000] e820: last_pfn = 0x3fff0 max_arch_pfn = 0x400000000
[    0.000000] MTRR: Disabled
[    0.000000] x86/PAT: MTRRs disabled, skipping PAT initialization too.
[    0.000000] CPU MTRRs all blank - virtualized system.
[    0.000000] x86/PAT: Configuration [0-7]: WB  WT  UC- UC  WB  WT  UC- UC  
[    0.000000] found SMP MP-table at [mem 0x0009fff0-0x0009ffff]
[    0.000000] Scanning 1 areas for low memory corruption
[    0.000000] RAMDISK: [mem 0x359cb000-0x36cdcfff]
[    0.000000] ACPI: Early table checksum verification disabled
[    0.000000] ACPI: RSDP 0x00000000000E0000 000024 (v02 VBOX  )
[    0.000000] ACPI: XSDT 0x000000003FFF0030 00003C (v01 VBOX   VBOXXSDT 00000001 ASL  00000061)
[    0.000000] ACPI: FACP 0x000000003FFF00F0 0000F4 (v04 VBOX   VBOXFACP 00000001 ASL  00000061)
[    0.000000] ACPI: DSDT 0x000000003FFF0470 002325 (v02 VBOX   VBOXBIOS 00000002 INTL 20100528)
[    0.000000] ACPI: FACS 0x000000003FFF0200 000040
[    0.000000] ACPI: FACS 0x000000003FFF0200 000040
[    0.000000] ACPI: APIC 0x000000003FFF0240 00005C (v02 VBOX   VBOXAPIC 00000001 ASL  00000061)
[    0.000000] ACPI: SSDT 0x000000003FFF02A0 0001CC (v01 VBOX   VBOXCPUT 00000002 INTL 20100528)
[    0.000000] ACPI: Reserving FACP table memory at [mem 0x3fff00f0-0x3fff01e3]
[    0.000000] ACPI: Reserving DSDT table memory at [mem 0x3fff0470-0x3fff2794]
[    0.000000] ACPI: Reserving FACS table memory at [mem 0x3fff0200-0x3fff023f]
[    0.000000] ACPI: Reserving FACS table memory at [mem 0x3fff0200-0x3fff023f]
[    0.000000] ACPI: Reserving APIC table memory at [mem 0x3fff0240-0x3fff029b]
[    0.000000] ACPI: Reserving SSDT table memory at [mem 0x3fff02a0-0x3fff046b]
[    0.000000] No NUMA configuration found
[    0.000000] Faking a node at [mem 0x0000000000000000-0x000000003ffeffff]
[    0.000000] NODE_DATA(0) allocated [mem 0x3ffc5000-0x3ffeffff]
[    0.000000] kvm-clock: cpu 0, msr 0:3ff44001, primary cpu clock
[    0.000000] kvm-clock: Using msrs 4b564d01 and 4b564d00
[    0.000000] kvm-clock: using sched offset of 3916241639 cycles
[    0.000000] clocksource: kvm-clock: mask: 0xffffffffffffffff max_cycles: 0x1cd42e4dffb, max_idle_ns: 881590591483 ns
[    0.000000] Zone ranges:
[    0.000000]   DMA      [mem 0x0000000000001000-0x0000000000ffffff]
[    0.000000]   DMA32    [mem 0x0000000001000000-0x000000003ffeffff]
[    0.000000]   Normal   empty
[    0.000000]   Device   empty
[    0.000000] Movable zone start for each node
[    0.000000] Early memory node ranges
[    0.000000]   node   0: [mem 0x0000000000001000-0x000000000009efff]
[    0.000000]   node   0: [mem 0x0000000000100000-0x000000003ffeffff]
[    0.000000] Reserved but unavailable: 104 pages
[    0.000000] Initmem setup node 0 [mem 0x0000000000001000-0x000000003ffeffff]
[    0.000000] ACPI: PM-Timer IO Port: 0x4008
[    0.000000] IOAPIC[0]: apic_id 2, version 32, address 0xfec00000, GSI 0-23
[    0.000000] ACPI: INT_SRC_OVR (bus 0 bus_irq 0 global_irq 2 dfl dfl)
[    0.000000] ACPI: INT_SRC_OVR (bus 0 bus_irq 9 global_irq 9 low level)
[    0.000000] Using ACPI (MADT) for SMP configuration information
[    0.000000] smpboot: Allowing 2 CPUs, 0 hotplug CPUs
[    0.000000] PM: Registered nosave memory: [mem 0x00000000-0x00000fff]
[    0.000000] PM: Registered nosave memory: [mem 0x0009f000-0x0009ffff]
[    0.000000] PM: Registered nosave memory: [mem 0x000a0000-0x000effff]
[    0.000000] PM: Registered nosave memory: [mem 0x000f0000-0x000fffff]
[    0.000000] e820: [mem 0x40000000-0xfebfffff] available for PCI devices
[    0.000000] Booting paravirtualized kernel on KVM
[    0.000000] clocksource: refined-jiffies: mask: 0xffffffff max_cycles: 0xffffffff, max_idle_ns: 7645519600211568 ns
[    0.000000] setup_percpu: NR_CPUS:8192 nr_cpumask_bits:2 nr_cpu_ids:2 nr_node_ids:1
[    0.000000] percpu: Embedded 50 pages/cpu s167936 r8192 d28672 u1048576
[    0.000000] PV qspinlock hash table entries: 256 (order: 0, 4096 bytes)
[    0.000000] Built 1 zonelists, mobility grouping on.  Total pages: 257913
[    0.000000] Policy zone: DMA32
[    0.000000] Kernel command line: BOOT_IMAGE=/boot/vmlinuz-4.15.0-194-generic root=LABEL=cloudimg-rootfs ro console=tty1 console=ttyS0
[    0.000000] Memory: 982652K/1048120K available (12300K kernel code, 2477K rwdata, 4320K rodata, 2472K init, 2720K bss, 65468K reserved, 0K cma-reserved)
[    0.000000] SLUB: HWalign=64, Order=0-3, MinObjects=0, CPUs=2, Nodes=1
[    0.000000] ftrace: allocating 39477 entries in 155 pages
[    0.004000] Hierarchical RCU implementation.
[    0.004000] 	RCU restricting CPUs from NR_CPUS=8192 to nr_cpu_ids=2.
[    0.004000] 	Tasks RCU enabled.
[    0.004000] RCU: Adjusting geometry for rcu_fanout_leaf=16, nr_cpu_ids=2
[    0.004000] NR_IRQS: 524544, nr_irqs: 440, preallocated irqs: 16
[    0.004000] Console: colour VGA+ 80x25
[    0.004000] console [tty1] enabled
[    0.004000] console [ttyS0] enabled
[    0.004000] ACPI: Core revision 20170831
[    0.004000] ACPI: 2 ACPI AML tables successfully acquired and loaded
[    0.004000] APIC: Switch to symmetric I/O mode setup
[    0.004000] ..TIMER: vector=0x30 apic1=0 pin1=2 apic2=-1 pin2=-1
[    0.004005] tsc: Detected 2592.006 MHz processor
[    0.007041] Calibrating delay loop (skipped) preset value.. 5184.01 BogoMIPS (lpj=10368024)
[    0.008004] pid_max: default: 32768 minimum: 301
[    0.012078] Security Framework initialized
[    0.014759] Yama: becoming mindful.
[    0.016067] AppArmor: AppArmor initialized
[    0.022471] Dentry cache hash table entries: 131072 (order: 8, 1048576 bytes)
[    0.025205] Inode-cache hash table entries: 65536 (order: 7, 524288 bytes)
[    0.028060] Mount-cache hash table entries: 2048 (order: 2, 16384 bytes)
[    0.032050] Mountpoint-cache hash table entries: 2048 (order: 2, 16384 bytes)
[    0.037175] Last level iTLB entries: 4KB 64, 2MB 8, 4MB 8
[    0.040003] Last level dTLB entries: 4KB 64, 2MB 0, 4MB 0, 1GB 4
[    0.044005] Spectre V1 : Mitigation: usercopy/swapgs barriers and __user pointer sanitization
[    0.048004] Spectre V2 : Mitigation: Enhanced IBRS
[    0.052002] Spectre V2 : Spectre v2 / SpectreRSB mitigation: Filling RSB on context switch
[    0.056006] Speculative Store Bypass: Vulnerable
[    0.060046] MMIO Stale Data: Vulnerable: Clear CPU buffers attempted, no microcode
[    0.064145] Freeing SMP alternatives memory: 36K
[    0.180324] smpboot: CPU0: Intel(R) Core(TM) i7-10750H CPU @ 2.60GHz (family: 0x6, model: 0xa5, stepping: 0x2)
[    0.184424] Performance Events: unsupported p6 CPU model 165 no PMU driver, software events only.
[    0.188082] Hierarchical SRCU implementation.
[    0.192718] NMI watchdog: Perf event create on CPU 0 failed with -2
[    0.196002] NMI watchdog: Perf NMI watchdog permanently disabled
[    0.200229] smp: Bringing up secondary CPUs ...
[    0.204582] x86: Booting SMP configuration:
[    0.207294] .... node  #0, CPUs:      #1
[    0.004000] kvm-clock: cpu 1, msr 0:3ff44041, secondary cpu clock
[    0.216000] TSC synchronization [CPU#0 -> CPU#1]:
[    0.216000] Measured 106549 cycles TSC warp between CPUs, turning off TSC clock.
[    0.216000] tsc: Marking TSC unstable due to check_tsc_sync_source failed
[    0.220057] smp: Brought up 1 node, 2 CPUs
[    0.222887] smpboot: Max logical packages: 1
[    0.224006] smpboot: Total of 2 processors activated (10368.02 BogoMIPS)
[    0.232064] devtmpfs: initialized
[    0.234378] x86/mm: Memory block size: 128MB
[    0.236332] evm: security.selinux
[    0.240003] evm: security.SMACK64
[    0.242238] evm: security.SMACK64EXEC
[    0.244005] evm: security.SMACK64TRANSMUTE
[    0.248005] evm: security.SMACK64MMAP
[    0.250451] evm: security.apparmor
[    0.252002] evm: security.ima
[    0.256002] evm: security.capability
[    0.258421] clocksource: jiffies: mask: 0xffffffff max_cycles: 0xffffffff, max_idle_ns: 7645041785100000 ns
[    0.260092] futex hash table entries: 512 (order: 3, 32768 bytes)
[    0.264154] pinctrl core: initialized pinctrl subsystem
[    0.268386] RTC time: 19:48:51, date: 10/26/22
[    0.272858] NET: Registered protocol family 16
[    0.276117] audit: initializing netlink subsys (disabled)
[    0.280162] audit: type=2000 audit(1666813737.073:1): state=initialized audit_enabled=0 res=1
[    0.288005] cpuidle: using governor ladder
[    0.290714] cpuidle: using governor menu
[    0.292036] ACPI: bus type PCI registered
[    0.296002] acpiphp: ACPI Hot Plug PCI Controller Driver version: 0.5
[    0.300406] PCI: Using configuration type 1 for base access
[    0.308104] HugeTLB registered 2.00 MiB page size, pre-allocated 0 pages
[    0.316112] ACPI: Added _OSI(Module Device)
[    0.318600] ACPI: Added _OSI(Processor Device)
[    0.320003] ACPI: Added _OSI(3.0 _SCP Extensions)
[    0.324002] ACPI: Added _OSI(Processor Aggregator Device)
[    0.328003] ACPI: Added _OSI(Linux-Dell-Video)
[    0.330794] ACPI: Added _OSI(Linux-Lenovo-NV-HDMI-Audio)
[    0.332002] ACPI: Added _OSI(Linux-HPI-Hybrid-Graphics)
[    0.336628] ACPI: Executed 1 blocks of module-level executable AML code
[    0.347201] ACPI: Interpreter enabled
[    0.348010] ACPI: (supports S0 S5)
[    0.352002] ACPI: Using IOAPIC for interrupt routing
[    0.356317] PCI: Using host bridge windows from ACPI; if necessary, use "pci=nocrs" and report a bug
[    0.360186] ACPI: Enabled 2 GPEs in block 00 to 07
[    0.373641] ACPI: PCI Root Bridge [PCI0] (domain 0000 [bus 00-ff])
[    0.376006] acpi PNP0A03:00: _OSC: OS supports [ASPM ClockPM Segments MSI]
[    0.380666] acpi PNP0A03:00: _OSC: not requesting OS control; OS requires [ExtendedConfig ASPM ClockPM MSI]
[    0.384011] acpi PNP0A03:00: fail to add MMCONFIG information, can't access extended PCI configuration space under this bridge.
[    0.388608] PCI host bridge to bus 0000:00
[    0.392004] pci_bus 0000:00: root bus resource [io  0x0000-0x0cf7 window]
[    0.396003] pci_bus 0000:00: root bus resource [io  0x0d00-0xffff window]
[    0.400003] pci_bus 0000:00: root bus resource [mem 0x000a0000-0x000bffff window]
[    0.404003] pci_bus 0000:00: root bus resource [mem 0x40000000-0xfdffffff window]
[    0.408003] pci_bus 0000:00: root bus resource [bus 00-ff]
[    0.419390] pci 0000:00:01.1: legacy IDE quirk: reg 0x10: [io  0x01f0-0x01f7]
[    0.420003] pci 0000:00:01.1: legacy IDE quirk: reg 0x14: [io  0x03f6]
[    0.424002] pci 0000:00:01.1: legacy IDE quirk: reg 0x18: [io  0x0170-0x0177]
[    0.428002] pci 0000:00:01.1: legacy IDE quirk: reg 0x1c: [io  0x0376]
[    0.449296] pci 0000:00:07.0: quirk: [io  0x4000-0x403f] claimed by PIIX4 ACPI
[    0.452027] pci 0000:00:07.0: quirk: [io  0x4100-0x410f] claimed by PIIX4 SMB
[    0.464612] ACPI: PCI Interrupt Link [LNKA] (IRQs 5 9 10 *11)
[    0.468453] ACPI: PCI Interrupt Link [LNKB] (IRQs 5 9 *10 11)
[    0.472238] ACPI: PCI Interrupt Link [LNKC] (IRQs 5 *9 10 11)
[    0.476156] ACPI: PCI Interrupt Link [LNKD] (IRQs 5 9 10 *11)
[    0.480651] SCSI subsystem initialized
[    0.484120] pci 0000:00:02.0: vgaarb: setting as boot VGA device
[    0.487703] pci 0000:00:02.0: vgaarb: VGA device added: decodes=io+mem,owns=io+mem,locks=none
[    0.488004] pci 0000:00:02.0: vgaarb: bridge control possible
[    0.492002] vgaarb: loaded
[    0.496040] ACPI: bus type USB registered
[    0.499203] usbcore: registered new interface driver usbfs
[    0.500016] usbcore: registered new interface driver hub
[    0.504011] usbcore: registered new device driver usb
[    0.508242] EDAC MC: Ver: 3.0.0
[    0.512201] PCI: Using ACPI for IRQ routing
[    0.515261] NetLabel: Initializing
[    0.516002] NetLabel:  domain hash size = 128
[    0.518726] NetLabel:  protocols = UNLABELED CIPSOv4 CALIPSO
[    0.520014] NetLabel:  unlabeled traffic allowed by default
[    0.524223] clocksource: Switched to clocksource kvm-clock
[    0.541696] VFS: Disk quotas dquot_6.6.0
[    0.541696] VFS: Dquot-cache hash table entries: 512 (order 0, 4096 bytes)
[    0.541696] AppArmor: AppArmor Filesystem Enabled
[    0.541696] pnp: PnP ACPI init
[    0.541696] pnp: PnP ACPI: found 3 devices
[    0.608362] clocksource: acpi_pm: mask: 0xffffff max_cycles: 0xffffff, max_idle_ns: 2085701024 ns
[    0.612323] NET: Registered protocol family 2
[    0.612323] IP idents hash table entries: 16384 (order: 5, 131072 bytes)
[    0.621962] TCP established hash table entries: 8192 (order: 4, 65536 bytes)
[    0.626737] TCP bind hash table entries: 8192 (order: 5, 131072 bytes)
[    0.631560] TCP: Hash tables configured (established 8192 bind 8192)
[    0.635256] UDP hash table entries: 512 (order: 2, 16384 bytes)
[    0.635256] UDP-Lite hash table entries: 512 (order: 2, 16384 bytes)
[    0.635256] NET: Registered protocol family 1
[    0.635256] pci 0000:00:00.0: Limiting direct PCI/PCI transfers
[    0.635256] pci 0000:00:01.0: Activating ISA DMA hang workarounds
[    0.635256] pci 0000:00:02.0: Video device with shadowed ROM at [mem 0x000c0000-0x000dffff]
[    0.635256] Unpacking initramfs...
[    0.635256] Freeing initrd memory: 19528K
[    0.635256] clocksource: tsc: mask: 0xffffffffffffffff max_cycles: 0x255cbc978bf, max_idle_ns: 440795251759 ns
[    0.635256] platform rtc_cmos: registered platform RTC device (no PNP device found)
[    0.635256] Scanning for low memory corruption every 60 seconds
[    1.044062] Initialise system trusted keyrings
[    1.047061] Key type blacklist registered
[    1.050072] workingset: timestamp_bits=36 max_order=18 bucket_order=0
[    1.056355] zbud: loaded
[    1.058700] squashfs: version 4.0 (2009/01/31) Phillip Lougher
[    1.063366] fuse init (API version 7.26)
[    1.089081] Key type asymmetric registered
[    1.091583] Asymmetric key parser 'x509' registered
[    1.094935] Block layer SCSI generic (bsg) driver version 0.4 loaded (major 246)
[    1.100611] io scheduler noop registered
[    1.103067] io scheduler deadline registered
[    1.106020] io scheduler cfq registered (default)
[    1.109886] ACPI: AC Adapter [AC] (on-line)
[    1.112765] input: Power Button as /devices/LNXSYSTM:00/LNXPWRBN:00/input/input0
[    1.117723] ACPI: Power Button [PWRF]
[    1.120366] input: Sleep Button as /devices/LNXSYSTM:00/LNXSLPBN:00/input/input1
[    1.125306] ACPI: Sleep Button [SLPF]
[    1.130040] ACPI: Battery Slot [BAT0] (battery present)
[    1.134409] Serial: 8250/16550 driver, 32 ports, IRQ sharing enabled
[    1.163824] 00:02: ttyS0 at I/O 0x3f8 (irq = 4, base_baud = 115200) is a 16550A
[    1.180338] Linux agpgart interface v0.103
[    1.189898] loop: module loaded
[    1.193980] scsi host0: ata_piix
[    1.196783] scsi host1: ata_piix
[    1.199253] ata1: PATA max UDMA/33 cmd 0x1f0 ctl 0x3f6 bmdma 0xd000 irq 14
[    1.203999] ata2: PATA max UDMA/33 cmd 0x170 ctl 0x376 bmdma 0xd008 irq 15
[    1.208531] tun: Universal TUN/TAP device driver, 1.6
[    1.213295] PPP generic driver version 2.4.2
[    1.216426] ehci_hcd: USB 2.0 'Enhanced' Host Controller (EHCI) Driver
[    1.220299] ehci-pci: EHCI PCI platform driver
[    1.223155] ehci-platform: EHCI generic platform driver
[    1.226600] ohci_hcd: USB 1.1 'Open' Host Controller (OHCI) Driver
[    1.230641] ohci-pci: OHCI PCI platform driver
[    1.233554] ohci-platform: OHCI generic platform driver
[    1.236758] uhci_hcd: USB Universal Host Controller Interface driver
[    1.240732] i8042: PNP: PS/2 Controller [PNP0303:PS2K,PNP0f03:PS2M] at 0x60,0x64 irq 1,12
[    1.248020] serio: i8042 KBD port at 0x60,0x64 irq 1
[    1.251742] serio: i8042 AUX port at 0x60,0x64 irq 12
[    1.255420] mousedev: PS/2 mouse device common for all mice
[    1.262564] rtc_cmos rtc_cmos: rtc core: registered rtc_cmos as rtc0
[    1.267258] input: AT Translated Set 2 keyboard as /devices/platform/i8042/serio0/input/input2
[    1.267677] rtc_cmos rtc_cmos: alarms up to one day, 114 bytes nvram
[    1.277219] i2c /dev entries driver
[    1.279875] device-mapper: uevent: version 1.0.3
[    1.283198] device-mapper: ioctl: 4.37.0-ioctl (2017-09-20) initialised: dm-devel@redhat.com
[    1.288956] ledtrig-cpu: registered to indicate activity on CPUs
[    1.295212] NET: Registered protocol family 10
[    1.306829] Segment Routing with IPv6
[    1.309936] NET: Registered protocol family 17
[    1.314150] Key type dns_resolver registered
[    1.317529] mce: Using 0 MCE banks
[    1.320045] RAS: Correctable Errors collector initialized.
[    1.325357] sched_clock: Marking stable (1325301498, 0)->(1806983598, -481682100)
[    1.334849] registered taskstats version 1
[    1.338794] Loading compiled-in X.509 certificates
[    1.345775] Loaded X.509 cert 'Build time autogenerated kernel key: 6303a3b02fa1c7713b8a75ba7ba622fabd5dd271'
[    1.353056] Loaded X.509 cert 'Canonical Ltd. Live Patch Signing: 14df34d1a87cf37625abec039ef2bf521249b969'
[    1.359801] Loaded X.509 cert 'Canonical Ltd. Kernel Module Signing: 88f752e560a1e0737e31163a466ad7b70a850c19'
[    1.366508] blacklist: Loading compiled-in revocation X.509 certificates
[    1.372102] Loaded X.509 cert 'Canonical Ltd. Secure Boot Signing: 61482aa2830d0ab2ad5af10b7250da9033ddcef0'
[    1.378865] zswap: loaded using pool lzo/zbud
[    1.422234] Key type big_key registered
[    1.425726] Key type trusted registered
[    1.430682] Key type encrypted registered
[    1.433169] AppArmor: AppArmor sha1 policy hashing enabled
[    1.437118] ima: No TPM chip found, activating TPM-bypass! (rc=-19)
[    1.440865] ima: Allocated hash algorithm: sha1
[    1.443562] evm: HMAC attrs: 0x1
[    1.446332]   Magic number: 10:782:850
[    1.448592]  index2: hash matches
[    1.450742]  index2: hash matches
[    1.453301] rtc_cmos rtc_cmos: setting system clock to 2022-10-26 19:48:52 UTC (1666813732)
[    1.458826] BIOS EDD facility v0.16 2004-Jun-25, 0 devices found
[    1.462727] EDD information not available.
[    1.468931] Freeing unused kernel image memory: 2472K
[    1.492183] Write protecting the kernel read-only data: 20480k
[    1.497162] Freeing unused kernel image memory: 2008K
[    1.500610] Freeing unused kernel image memory: 1824K
[    1.510852] x86/mm: Checked W+X mappings: passed, no W+X pages found.
Loading, please wait...
starting version 237
[    1.578572] e1000: Intel(R) PRO/1000 Network Driver - version 7.3.21-k8-NAPI
[    1.583368] e1000: Copyright (c) 1999-2006 Intel Corporation.
[    1.589009] Fusion MPT base driver 3.04.20
[    1.592169] Copyright (c) 1999-2008 LSI Corporation
[    1.626019] Fusion MPT SPI Host driver 3.04.20
[    1.840640] input: ImExPS/2 Generic Explorer Mouse as /devices/platform/i8042/serio1/input/input4
[    2.177292] e1000 0000:00:03.0 eth0: (PCI:33MHz:32-bit) 02:ef:f7:70:2e:71
[    2.181079] e1000 0000:00:03.0 eth0: Intel(R) PRO/1000 Network Connection
[    2.187446] e1000 0000:00:03.0 enp0s3: renamed from eth0
[    2.189415] mptbase: ioc0: Initiating bringup
[    2.308620] ioc0: LSI53C1030 A0: Capabilities={Initiator}
[    3.606419] scsi host2: ioc0: LSI53C1030 A0, FwRev=00000000h, Ports=1, MaxQ=256, IRQ=20
[    3.817818] scsi 2:0:0:0: Direct-Access     VBOX     HARDDISK         1.0  PQ: 0 ANSI: 5
[    3.870952] scsi target2:0:0: Beginning Domain Validation
[    3.881093] scsi target2:0:0: Domain Validation skipping write tests
[    3.885357] scsi target2:0:0: Ending Domain Validation
[    3.889041] scsi target2:0:0: asynchronous
[    3.893113] scsi 2:0:1:0: Direct-Access     VBOX     HARDDISK         1.0  PQ: 0 ANSI: 5
[    4.309930] scsi target2:0:1: Beginning Domain Validation
[    4.320717] scsi target2:0:1: Domain Validation skipping write tests
[    4.326171] scsi target2:0:1: Ending Domain Validation
[    4.330975] scsi target2:0:1: asynchronous
[    4.351210] sd 2:0:0:0: Attached scsi generic sg0 type 0
[    4.357589] sd 2:0:0:0: [sda] 83886080 512-byte logical blocks: (42.9 GB/40.0 GiB)
[    4.358690] sd 2:0:1:0: [sdb] 20480 512-byte logical blocks: (10.5 MB/10.0 MiB)
[    4.365378] sd 2:0:1:0: Attached scsi generic sg1 type 0
[    4.373462] sd 2:0:1:0: [sdb] Write Protect is off
[    4.377739] sd 2:0:0:0: [sda] Write Protect is off
[    4.393660] sd 2:0:0:0: [sda] Incomplete mode parameter data
[    4.394311] sd 2:0:1:0: [sdb] Incomplete mode parameter data
[    4.399539] sd 2:0:0:0: [sda] Assuming drive cache: write through
[    4.417505] sd 2:0:1:0: [sdb] Assuming drive cache: write through
[    4.432193]  sda: sda1
[    4.438244] sd 2:0:1:0: [sdb] Attached SCSI disk
[    4.446523] sd 2:0:0:0: [sda] Attached SCSI disk
Begin: Loading essential drivers ... [ 1297.933201] INFO: rcu_sched self-detected stall on CPU
[ 1297.933579] INFO: rcu_sched detected stalls on CPUs/tasks:
[ 1297.937479] 	1-...!: (1 ticks this GP) idle=352/140000000000001/0 softirq=811/820 fqs=1 
[ 1297.946808] 	 (t=322837 jiffies g=-169 c=-170 q=342)
[ 1297.946833] 	1-...!: (1 ticks this GP) idle=352/140000000000001/0 softirq=811/820 fqs=1 
[ 1297.950132] rcu_sched kthread starved for 322834 jiffies! g18446744073709551447 c18446744073709551446 f0x0 RCU_GP_WAIT_FQS(3) ->state=0x402 ->cpu=0
[ 1297.955641] 	(detected by 0, t=322837 jiffies, g=-169, c=-170, q=342)
[ 1297.964409] rcu_sched       I    0     9      2 0x80000000
[ 1297.968330] Sending NMI from CPU 0 to CPUs 1:
[ 1297.972107] Call Trace:
[ 1297.976063] NMI backtrace for cpu 1
[ 1297.976064] CPU: 1 PID: 263 Comm: modprobe Not tainted 4.15.0-194-generic #205-Ubuntu
[ 1297.976064] Hardware name: innotek GmbH VirtualBox/VirtualBox, BIOS VirtualBox 12/01/2006
[ 1297.976064] RIP: 0010:io_serial_in+0x18/0x20
[ 1297.976065] RSP: 0018:ffff990c3fd03ad0 EFLAGS: 00010002
[ 1297.976066] RAX: ffffffffb601f260 RBX: ffffffffb7514e60 RCX: 0000000000000000
[ 1297.976066] RDX: 00000000000003fd RSI: 0000000000000005 RDI: ffffffffb7514e60
[ 1297.976066] RBP: ffff990c3fd03ad0 R08: 0000000000000000 R09: 0000000000000007
[ 1297.976067] R10: 0000000000000000 R11: ffffffffb736880d R12: 0000000000002710
[ 1297.976067] R13: 0000000000000020 R14: ffffffffb7368801 R15: ffffffffb7514e60
[ 1297.976067] FS:  00007f647e840540(0000) GS:ffff990c3fd00000(0000) knlGS:0000000000000000
[ 1297.976067] CS:  0010 DS: 0000 ES: 0000 CR0: 0000000080050033
[ 1297.976068] CR2: 00007fd475e325a0 CR3: 000000003994e003 CR4: 00000000000206e0
[ 1297.976068] Call Trace:
[ 1297.976068]  <IRQ>
[ 1297.976068]  wait_for_xmitr+0x47/0xb0
[ 1297.976068]  serial8250_console_putchar+0x1c/0x40
[ 1297.976069]  ? wait_for_xmitr+0xb0/0xb0
[ 1297.976069]  uart_console_write+0x4c/0x60
[ 1297.976069]  serial8250_console_write+0x10a/0x280
[ 1297.976069]  ? msg_print_text+0x80/0x100
[ 1297.976069]  univ8250_console_write+0x21/0x30
[ 1297.976070]  console_unlock+0x3cf/0x560
[ 1297.976070]  vprintk_emit+0x134/0x2c0
[ 1297.976070]  vprintk_default+0x29/0x50
[ 1297.976070]  vprintk_func+0x47/0xc0
[ 1297.976071]  printk+0x52/0x6e
[ 1297.976071]  show_trace_log_lvl+0x8c/0x3d0
[ 1297.976071]  ? vprintk_default+0x29/0x50
[ 1297.976071]  ? vprintk_func+0x47/0xc0
[ 1297.976071]  show_stack+0x34/0x50
[ 1297.976072]  sched_show_task+0xfe/0x130
[ 1297.976072]  rcu_check_gp_kthread_starvation+0xad/0xc0
[ 1297.976072]  rcu_check_callbacks+0x6c5/0x8e0
[ 1297.976072]  ? tick_sched_do_timer+0x50/0x50
[ 1297.976073]  update_process_times+0x2f/0x60
[ 1297.976073]  tick_sched_handle+0x26/0x70
[ 1297.976073]  ? tick_sched_do_timer+0x42/0x50
[ 1297.976073]  tick_sched_timer+0x39/0x80
[ 1297.976073]  __hrtimer_run_queues+0xdf/0x230
[ 1297.976074]  hrtimer_interrupt+0xa0/0x1d0
[ 1297.976074]  smp_apic_timer_interrupt+0x6f/0x140
[ 1297.976074]  apic_timer_interrupt+0x90/0xa0
[ 1297.976074]  </IRQ>
[ 1297.976074] RIP: 0010:raid6_sse21_gen_syndrome+0xba/0x130 [raid6_pq]
[ 1297.976075] RSP: 0018:ffffb4ecc0447b60 EFLAGS: 00010283 ORIG_RAX: ffffffffffffff11
[ 1297.976075] RAX: ffffb4ecc0447bb0 RBX: 0000000000001000 RCX: ffffffffc01ea600
[ 1297.976076] RDX: 0000000000000a90 RSI: ffffb4ecc0447c28 RDI: 000000000000000d
[ 1297.976076] RBP: ffffb4ecc0447b90 R08: ffffb4ecc0447ba8 R09: 0000000000000a90
[ 1297.976076] R10: ffffb4ecc0447c20 R11: ffffb4ecc0447c18 R12: ffff990c36bce000
[ 1297.976076] R13: ffff990c36bcf000 R14: ffffb4ecc0447bb0 R15: 0000000000000080
[ 1297.976077]  init_module+0x118/0x1000 [raid6_pq]
[ 1297.976077]  ? 0xffffffffc0200000
[ 1297.976077]  do_one_initcall+0x52/0x1a0
[ 1297.976077]  ? _cond_resched+0x19/0x40
[ 1297.976077]  ? kmem_cache_alloc_trace+0x167/0x1d0
[ 1297.976078]  ? do_init_module+0x27/0x1f2
[ 1297.976078]  do_init_module+0x4f/0x1f2
[ 1297.976078]  load_module+0x1772/0x2000
[ 1297.976078]  ? ima_post_read_file+0x96/0xa0
[ 1297.976078]  SYSC_finit_module+0xfc/0x120
[ 1297.976079]  ? SYSC_finit_module+0xfc/0x120
[ 1297.976079]  SyS_finit_module+0xe/0x10
[ 1297.976079]  do_syscall_64+0x73/0x130
[ 1297.976079]  entry_SYSCALL_64_after_hwframe+0x41/0xa6
[ 1297.976079] RIP: 0033:0x7f647e343539
[ 1297.976080] RSP: 002b:00007ffc4bb02bd8 EFLAGS: 00000246 ORIG_RAX: 0000000000000139
[ 1297.976080] RAX: ffffffffffffffda RBX: 000055f10c635880 RCX: 00007f647e343539
[ 1297.976080] RDX: 0000000000000000 RSI: 000055f10bb20cee RDI: 0000000000000004
[ 1297.976081] RBP: 000055f10bb20cee R08: 0000000000000000 R09: 000055f10c634e00
[ 1297.976081] R10: 0000000000000004 R11: 0000000000000246 R12: 0000000000000000
[ 1297.976081] R13: 000055f10c635830 R14: 0000000000060000 R15: 000055f10c634e00
[ 1297.976081] Code: 48 89 e5 d3 e6 48 63 f6 48 03 77 10 8b 06 5d c3 0f 1f 00 0f 1f 44 00 00 0f b6 8f a1 00 00 00 8b 57 08 55 48 89 e5 d3 e6 01 f2 ec <0f> b6 c0 5d c3 0f 1f 00 0f 1f 44 00 00 0f b6 8f a1 00 00 00 89 
[ 1297.976091] rcu_sched kthread starved for 322834 jiffies! g18446744073709551447 c18446744073709551446 f0x0 RCU_GP_WAIT_FQS(3) ->state=0x402 ->cpu=0
[ 1297.977365]  __schedule+0x24e/0x890
[ 1297.980205] rcu_sched       I    0     9      2 0x80000000
[ 1297.986394]  schedule+0x2c/0x80
[ 1297.991371] Call Trace:
[ 1297.994444]  schedule_timeout+0x15d/0x370
[ 1297.997566]  __schedule+0x24e/0x890
[ 1298.002170]  ? __next_timer_interrupt+0xe0/0xe0
[ 1298.006418]  schedule+0x2c/0x80
[ 1298.010943]  rcu_gp_kthread+0x53a/0x980
[ 1298.015123]  schedule_timeout+0x15d/0x370
[ 1298.019728]  kthread+0x121/0x140
[ 1298.025107]  ? __next_timer_interrupt+0xe0/0xe0
[ 1298.028896]  ? rcu_note_context_switch+0x150/0x150
[ 1298.033190]  rcu_gp_kthread+0x53a/0x980
[ 1298.035169]  ? kthread_create_worker_on_cpu+0x70/0x70
[ 1298.036454]  kthread+0x121/0x140
[ 1298.039062]  ret_from_fork+0x1f/0x40
[ 1298.042322]  ? rcu_note_context_switch+0x150/0x150
[ 1298.045141] NMI backtrace for cpu 1
[ 1298.047561]  ? kthread_create_worker_on_cpu+0x70/0x70
[ 1298.050901] CPU: 1 PID: 263 Comm: modprobe Not tainted 4.15.0-194-generic #205-Ubuntu
[ 1298.053274]  ret_from_fork+0x1f/0x40
[ 1298.056209] Hardware name: innotek GmbH VirtualBox/VirtualBox, BIOS VirtualBox 12/01/2006
[ 1298.304407] Call Trace:
[ 1298.306424]  <IRQ>
[ 1298.308042]  dump_stack+0x6d/0x8b
[ 1298.310574]  nmi_cpu_backtrace+0x94/0xa0
[ 1298.313169]  ? lapic_can_unplug_cpu+0xb0/0xb0
[ 1298.315877]  nmi_trigger_cpumask_backtrace+0xe7/0x130
[ 1298.318829]  arch_trigger_cpumask_backtrace+0x19/0x20
[ 1298.322276]  rcu_dump_cpu_stacks+0xa3/0xd5
[ 1298.325080]  rcu_check_callbacks+0x6cd/0x8e0
[ 1298.327897]  ? tick_sched_do_timer+0x50/0x50
[ 1298.330661]  update_process_times+0x2f/0x60
[ 1298.333173]  tick_sched_handle+0x26/0x70
[ 1298.335625]  ? tick_sched_do_timer+0x42/0x50
[ 1298.338258]  tick_sched_timer+0x39/0x80
[ 1298.340824]  __hrtimer_run_queues+0xdf/0x230
[ 1298.343587]  hrtimer_interrupt+0xa0/0x1d0
[ 1298.346467]  smp_apic_timer_interrupt+0x6f/0x140
[ 1298.349125]  apic_timer_interrupt+0x90/0xa0
[ 1298.352098]  </IRQ>
[ 1298.353585] RIP: 0010:raid6_sse21_gen_syndrome+0xba/0x130 [raid6_pq]
[ 1298.357679] RSP: 0018:ffffb4ecc0447b60 EFLAGS: 00010283 ORIG_RAX: ffffffffffffff11
[ 1298.362298] RAX: ffffb4ecc0447bb0 RBX: 0000000000001000 RCX: ffffffffc01ea600
[ 1298.366779] RDX: 0000000000000a90 RSI: ffffb4ecc0447c28 RDI: 000000000000000d
[ 1298.371173] RBP: ffffb4ecc0447b90 R08: ffffb4ecc0447ba8 R09: 0000000000000a90
[ 1298.375737] R10: ffffb4ecc0447c20 R11: ffffb4ecc0447c18 R12: ffff990c36bce000
[ 1298.380953] R13: ffff990c36bcf000 R14: ffffb4ecc0447bb0 R15: 0000000000000080
[ 1298.385521]  init_module+0x118/0x1000 [raid6_pq]
[ 1298.388532]  ? 0xffffffffc0200000
[ 1298.390755]  do_one_initcall+0x52/0x1a0
[ 1298.393437]  ? _cond_resched+0x19/0x40
[ 1298.395913]  ? kmem_cache_alloc_trace+0x167/0x1d0
[ 1298.398662]  ? do_init_module+0x27/0x1f2
[ 1298.401454]  do_init_module+0x4f/0x1f2
[ 1298.403745]  load_module+0x1772/0x2000
[ 1298.406578]  ? ima_post_read_file+0x96/0xa0
[ 1298.409166]  SYSC_finit_module+0xfc/0x120
[ 1298.412106]  ? SYSC_finit_module+0xfc/0x120
[ 1298.414521]  SyS_finit_module+0xe/0x10
[ 1298.417070]  do_syscall_64+0x73/0x130
[ 1298.419487]  entry_SYSCALL_64_after_hwframe+0x41/0xa6
[ 1298.422571] RIP: 0033:0x7f647e343539
[ 1298.424768] RSP: 002b:00007ffc4bb02bd8 EFLAGS: 00000246 ORIG_RAX: 0000000000000139
[ 1298.429354] RAX: ffffffffffffffda RBX: 000055f10c635880 RCX: 00007f647e343539
[ 1298.433881] RDX: 0000000000000000 RSI: 000055f10bb20cee RDI: 0000000000000004
[ 1298.438061] RBP: 000055f10bb20cee R08: 0000000000000000 R09: 000055f10c634e00
[ 1298.442339] R10: 0000000000000004 R11: 0000000000000246 R12: 0000000000000000
[ 1298.447006] R13: 000055f10c635830 R14: 0000000000060000 R15: 000055f10c634e00
[ 1298.452287] raid6: sse2x1   gen() 398185939 MB/s
[ 1298.502217] raid6: sse2x1   xor()  8157 MB/s
[ 1298.556155] raid6: sse2x2   gen() 16767 MB/s
[ 1298.609760] raid6: sse2x2   xor() 10490 MB/s
[ 1298.673804] raid6: sse2x4   gen() 22060 MB/s
[ 1298.728614] raid6: sse2x4   xor() 11073 MB/s
[ 1298.731528] raid6: using algorithm sse2x1 gen() 398185939 MB/s
[ 1298.735173] raid6: .... xor() 8157 MB/s, rmw enabled
[ 1298.739214] raid6: using ssse3x2 recovery algorithm
[ 1298.744963] xor: measuring software checksum speed
[ 1298.784347]    prefetch64-sse: 20583.000 MB/sec
[ 1298.824430]    generic_sse: 15209.000 MB/sec
[ 1298.827281] xor: using function: prefetch64-sse (20583.000 MB/sec)
[ 1298.833150] async_tx: api initialized (async)
done.
Begin: Running /scripts/init-premount ... done.
Begin: Mounting root file system ... Begin: Running /scripts/local-top ... done.
Begin: Running /scripts/local-premount ... [ 1298.879691] Btrfs loaded, crc32c=crc32c-intel
Scanning for Btrfs filesystems
done.
Warning: fsck not present, so skipping root file system
[ 1298.928148] EXT4-fs (sda1): mounted filesystem with ordered data mode. Opts: (null)
done.
Begin: Running /scripts/local-bottom ... done.
Begin: Running /scripts/init-bottom ... done.
[ 1299.107478] ip_tables: (C) 2000-2006 Netfilter Core Team
[ 1299.120745] systemd[1]: systemd 237 running in system mode. (+PAM +AUDIT +SELINUX +IMA +APPARMOR +SMACK +SYSVINIT +UTMP +LIBCRYPTSETUP +GCRYPT +GNUTLS +ACL +XZ +LZ4 +SECCOMP +BLKID +ELFUTILS +KMOD -IDN2 +IDN -PCRE2 default-hierarchy=hybrid)
[ 1299.133483] systemd[1]: Detected virtualization oracle.
[ 1299.136891] systemd[1]: Detected architecture x86-64.

Welcome to [1mUbuntu 18.04.6 LTS[0m!

[ 1299.161537] systemd[1]: Set hostname to <ubuntu>.
[ 1299.169789] random: systemd: uninitialized urandom read (16 bytes read)
[ 1299.173781] systemd[1]: Initializing machine ID from random generator.
[ 1299.178079] systemd[1]: Installed transient /etc/machine-id file.
[ 1299.462277] random: systemd: uninitialized urandom read (16 bytes read)
[ 1299.466375] systemd[1]: Set up automount Arbitrary Executable File Formats File System Automount Point.
[[0;32m  OK  [0m] Set up automount Arbitrary Executab…rmats File System Automount Point.
[ 1299.475402] random: systemd: uninitialized urandom read (16 bytes read)
[ 1299.479699] systemd[1]: Started Forward Password Requests to Wall Directory Watch.
[[0;32m  OK  [0m] Started Forward Password Requests to Wall Directory Watch.
[ 1299.495103] systemd[1]: Created slice User and Session Slice.
[[0;32m  OK  [0m] Created slice User and Session Slice.
[ 1299.501852] systemd[1]: Reached target System Time Synchronized.
[[0;32m  OK  [0m] Reached target System Time Synchronized.
[[0;32m  OK  [0m] Reached target Swap.
[[0;32m  OK  [0m] Created slice System Slice.
[[0;32m  OK  [0m] Listening on Journal Socket.
         Starting Load Kernel Modules...
[[0;32m  OK  [0m] Listening on fsck to fsckd communication Socket.
         Starting File System Check on Root Device...
[[0;32m  OK  [0m] Reached target Slices.
[[0;32m  OK  [0m] Listening on udev Kernel Socket.
         Mounting Huge Pages File System...
[ 1299.536346] Loading iSCSI transport class v2.0-870.
         Starting Set the console keyboard layout...
[[0;32m  OK  [0m] Listening on Syslog Socket.
[[0;32m  OK  [0m] Listening on udev Control Socket.
         Starting udev Coldplug all Devices...
         Mounting POSIX Message Queue File System...
[[0;32m  OK  [0m] Listening on Network Service Netlink Socket.
[[0;32m  OK  [0m] Listening on Journal Audit Socket.
[[0;32m  OK  [0m] Listening on Journal Socket (/dev/log).
         Starting Uncomplicated firewall...
[[0;32m  OK  [0m] Listening on Device-mapper event daemon FIFOs.[ 1299.571811] iscsi: registered transport (tcp)

         Starting Journal Service...
[[0;32m  OK  [0m] Created slice system-serial\x2dgetty.slice.
         Starting Create list of required st…ce nodes for the current kernel...
         Mounting Kernel Debug File System...
[[0;32m  OK  [0m] Listening on /dev/initctl Compatibility Named Pipe.
[[0;32m  OK  [0m] Listening on LVM2 metadata daemon socket.
         Starting Monitoring of LVM2 mirrors…ng dmeventd or progress polling...
[[0;32m  OK  [0m] Reached target User and Group Name Lookups.
[[0;32m  OK  [0m] Listening on LVM2 poll daemon socket.
[[0;32m  OK  [0m] Started File System Check on Root Device.
[[0;32m  OK  [0m] Mounted Huge Pages File System.
[[0;32m  OK  [0m] Mounted POSIX Message Queue File System.
[[0;32m  OK  [0m] Started Uncomplicated firewall.
[[0;32m  OK  [0m] Started Create list of required sta…vice nodes for the current kernel.
[[0;32m  OK  [0m] Mounted Kernel Debug File System.
[[0;32m  OK  [0m] Started File System Check Daemon to report status.
         Starting Create Static Device Nodes in /dev...
         Starting Remount Root and Kernel File Systems...
[[0;32m  OK  [0m] Started Journal Service.
[[0;32m  OK  [0m] Started udev Coldplug all Devices.
[[0;32m  OK  [0m] Started LVM2 metadata daemon.
[[0;32m  OK  [0m] Started Create Static Device Nodes in /dev.
[ 1299.763152] EXT4-fs (sda1): re-mounted. Opts: (null)
[[0;32m  OK  [0m] Started Remount Root and Kernel File Systems.
         Starting Flush Journal to Persistent Storage...
[ 1299.774462] iscsi: registered transport (iser)
         Starting Load/Save Random Seed...
         Starting udev Kernel Device Manager...
[[0;32m  OK  [0m] Started Load Kernel Modules.
[[0;32m  OK  [0m] Started Monitoring of LVM2 mirrors,…sing dmeventd or progress polling.
[[0;32m  OK  [0m] Started Load/Save Random Seed.
         Mounting Kernel Configuration File System...
         Starting Apply Kernel Variables...
         Mounting FUSE Control File System...
[[0;32m  OK  [0m] Mounted Kernel Configuration File System.
[[0;32m  OK  [0m] Mounted FUSE Control File System.
[[0;32m  OK  [0m] Started udev Kernel Device Manager.
[[0;32m  OK  [0m] Started Apply Kernel Variables.
[[0;32m  OK  [0m] Started Flush Journal to Persistent Storage.
[[0;32m  OK  [0m] Found device /dev/ttyS0.
[[0;32m  OK  [0m] Listening on Load/Save RF Kill Switch Status /dev/rfkill Watch.
[[0;32m  OK  [0m] Started Set the console keyboard layout.
[[0;32m  OK  [0m] Started Dispatch Password Requests to Console Directory Watch.
[[0;32m  OK  [0m] Reached target Local Encrypted Volumes.
[[0;32m  OK  [0m] Reached target Local File Systems (Pre).
[[0;32m  OK  [0m] Reached target Local File Systems.
         Starting AppArmor initialization...
         Starting Create Volatile Files and Directories...
         Starting Commit a transient machine-id on disk...
         Starting ebtables ruleset management...
         Starting Tell Plymouth To Write Out Runtime Data...
         Starting Set console font and keymap...
[[0;32m  OK  [0m] Started Create Volatile Files and Directories.
         Starting Update UTMP about System Boot/Shutdown...
[[0;32m  OK  [0m] Started Tell Plymouth To Write Out Runtime Data.
[[0;32m  OK  [0m] Started Update UTMP about System Boot/Shutdown.
[[0;32m  OK  [0m] Started Commit a transient machine-id on disk.
[[0;32m  OK  [0m] Started ebtables ruleset management.
[[0;32m  OK  [0m] Started AppArmor initialization.
         Starting Load AppArmor profiles managed internally by snapd...
         Starting Initial cloud-init job (pre-networking)...
[[0;32m  OK  [0m] Started Load AppArmor profiles managed internally by snapd.
[[0;32m  OK  [0m] Started Set console font and keymap.
[ 1303.104746] cloud-init[808]: Cloud-init v. 22.3.4-0ubuntu1~18.04.1 running 'init-local' at Wed, 26 Oct 2022 20:10:33 +0000. Up 1302.81 seconds.
[[0;32m  OK  [0m] Started Initial cloud-init job (pre-networking).
[[0;32m  OK  [0m] Reached target Network (Pre).
         Starting Network Service...
[[0;32m  OK  [0m] Started Network Service.
         Starting Network Name Resolution...
         Starting Wait for Network to be Configured...
[[0;32m  OK  [0m] Started Network Name Resolution.
[[0;32m  OK  [0m] Reached target Network.
[[0;32m  OK  [0m] Reached target Host and Network Name Lookups.
[[0;32m  OK  [0m] Started Wait for Network to be Configured.
         Starting Initial cloud-init job (metadata service crawler)...
[ 1304.688941] cloud-init[969]: Cloud-init v. 22.3.4-0ubuntu1~18.04.1 running 'init' at Wed, 26 Oct 2022 20:10:35 +0000. Up 1304.57 seconds.
[ 1304.692413] cloud-init[969]: ci-info: ++++++++++++++++++++++++++++++++++++++Net device info++++++++++++++++++++++++++++++++++++++
[ 1304.695367] cloud-init[969]: ci-info: +--------+------+----------------------------+---------------+--------+-------------------+
[ 1304.698014] cloud-init[969]: ci-info: | Device |  Up  |          Address           |      Mask     | Scope  |     Hw-Address    |
[ 1304.700753] cloud-init[969]: ci-info: +--------+------+----------------------------+---------------+--------+-------------------+
[ 1304.703360] cloud-init[969]: ci-info: | enp0s3 | True |         10.0.2.15          | 255.255.255.0 | global | 02:ef:f7:70:2e:71 |
[ 1304.706026] cloud-init[969]: ci-info: | enp0s3 | True | fe80::ef:f7ff:fe70:2e71/64 |       .       |  link  | 02:ef:f7:70:2e:71 |
[ 1304.709057] cloud-init[969]: ci-info: |   lo   | True |         127.0.0.1          |   255.0.0.0   |  host  |         .         |
[ 1304.711731] cloud-init[969]: ci-info: |   lo   | True |          ::1/128           |       .       |  host  |         .         |
[ 1304.714680] cloud-init[969]: ci-info: +--------+------+----------------------------+---------------+--------+-------------------+
[ 1304.717407] cloud-init[969]: ci-info: ++++++++++++++++++++++++++++Route IPv4 info+++++++++++++++++++++++++++++
[ 1304.719739] cloud-init[969]: ci-info: +-------+-------------+----------+-----------------+-----------+-------+
[ 1304.722161] cloud-init[969]: ci-info: | Route | Destination | Gateway  |     Genmask     | Interface | Flags |
[ 1304.724487] cloud-init[969]: ci-info: +-------+-------------+----------+-----------------+-----------+-------+
[ 1304.726886] cloud-init[969]: ci-info: |   0   |   0.0.0.0   | 10.0.2.2 |     0.0.0.0     |   enp0s3  |   UG  |
[ 1304.729171] cloud-init[969]: ci-info: |   1   |   10.0.2.0  | 0.0.0.0  |  255.255.255.0  |   enp0s3  |   U   |
[ 1304.731517] cloud-init[969]: ci-info: |   2   |   10.0.2.2  | 0.0.0.0  | 255.255.255.255 |   enp0s3  |   UH  |
[ 1304.734167] cloud-init[969]: ci-info: +-------+-------------+----------+-----------------+-----------+-------+
[ 1304.736648] cloud-init[969]: ci-info: +++++++++++++++++++Route IPv6 info+++++++++++++++++++
[ 1304.738516] cloud-init[969]: ci-info: +-------+-------------+---------+-----------+-------+
[ 1304.752547] cloud-init[969]: ci-info: | Route | Destination | Gateway | Interface | Flags |
[ 1304.754603] cloud-init[969]: ci-info: +-------+-------------+---------+-----------+-------+
[ 1304.756712] cloud-init[969]: ci-info: |   1   |  fe80::/64  |    ::   |   enp0s3  |   U   |
[ 1304.758523] cloud-init[969]: ci-info: |   3   |    local    |    ::   |   enp0s3  |   U   |
[ 1304.760564] cloud-init[969]: ci-info: |   4   |   ff00::/8  |    ::   |   enp0s3  |   U   |
[ 1304.762578] cloud-init[969]: ci-info: +-------+-------------+---------+-----------+-------+
[ 1305.472339] cloud-init[969]: Generating public/private rsa key pair.
[ 1305.474247] cloud-init[969]: Your identification has been saved in /etc/ssh/ssh_host_rsa_key.
[ 1305.476689] cloud-init[969]: Your public key has been saved in /etc/ssh/ssh_host_rsa_key.pub.
[ 1305.479031] cloud-init[969]: The key fingerprint is:
[ 1305.480470] cloud-init[969]: SHA256:rwEYbGlCn5N4KXryQ2t/4EtCMVgnKvXXzOObeNKnE9Q root@ubuntu-bionic
[ 1305.482605] cloud-init[969]: The key's randomart image is:
[ 1305.484170] cloud-init[969]: +---[RSA 2048]----+
[ 1305.485284] cloud-init[969]: |  = .            |
[ 1305.486437] cloud-init[969]: | * B = +         |
[ 1305.487620] cloud-init[969]: |+ * # . =.       |
[ 1305.488889] cloud-init[969]: |.. O = ...E      |
[ 1305.490180] cloud-init[969]: |o + . ..S        |
[ 1305.491545] cloud-init[969]: | * ..  +.+       |
[ 1305.493197] cloud-init[969]: |  *...o *.o      |
[ 1305.494370] cloud-init[969]: | . =. .o.=       |
[ 1305.495578] cloud-init[969]: |    oo  o.       |
[ 1305.496959] cloud-init[969]: +----[SHA256]-----+
[ 1305.498140] cloud-init[969]: Generating public/private dsa key pair.
[ 1305.499753] cloud-init[969]: Your identification has been saved in /etc/ssh/ssh_host_dsa_key.
[ 1305.501797] cloud-init[969]: Your public key has been saved in /etc/ssh/ssh_host_dsa_key.pub.
[ 1305.503829] cloud-init[969]: The key fingerprint is:
[ 1305.505084] cloud-init[969]: SHA256:hibhqi2BdGv7aq38nP6b3PaPeY1+H4TlMImkfsgWTKQ root@ubuntu-bionic
[ 1305.507292] cloud-init[969]: The key's randomart image is:
[ 1305.508587] cloud-init[969]: +---[DSA 1024]----+
[ 1305.509832] cloud-init[969]: |        .o .     |
[ 1305.511159] cloud-init[969]: |        + o . .  |
[ 1305.512577] cloud-init[969]: |    .  E + . + . |
[ 1305.513706] cloud-init[969]: | . o . .o o   *  |
[ 1305.514841] cloud-init[969]: |o . + o S= . . o |
[ 1305.515928] cloud-init[969]: |o  + o .. .   .  |
[ 1305.517260] cloud-init[969]: | .o o         o. |
[ 1305.518384] cloud-init[969]: |.o.o..o o.  oo o.|
[ 1305.519517] cloud-init[969]: |..o+**.=o..++o. o|
[ 1305.520877] cloud-init[969]: +----[SHA256]-----+
[ 1305.521985] cloud-init[969]: Generating public/private ecdsa key pair.
[ 1305.523502] cloud-init[969]: Your identification has been saved in /etc/ssh/ssh_host_ecdsa_key.
[ 1305.525642] cloud-init[969]: Your public key has been saved in /etc/ssh/ssh_host_ecdsa_key.pub.
[ 1305.527715] cloud-init[969]: The key fingerprint is:
[ 1305.529003] cloud-init[969]: SHA256:k8bCFey6av8a9SXRPTtwCpD9HLKmSjoLzu5lhMbCNDk root@ubuntu-bionic
[ 1305.531132] cloud-init[969]: The key's randomart image is:
[ 1305.532665] cloud-init[969]: +---[ECDSA 256]---+
[ 1305.533815] cloud-init[969]: |       .oo       |
[ 1305.534972] cloud-init[969]: |  .     ooo...   |
[ 1305.536390] cloud-init[969]: | E     .. o=o.+  |
[ 1305.537679] cloud-init[969]: |o.o. . o..ooo+ o |
[ 1305.538839] cloud-init[969]: |..+ . o.So. o o  |
[ 1305.540021] cloud-init[969]: | o .  o+.o o   . |
[ 1305.541215] cloud-init[969]: |  . oo.o  .      |
[ 1305.542499] cloud-init[969]: | o ++ o.         |
[ 1305.543749] cloud-init[969]: | o=.o=oo.        |
[ 1305.544969] cloud-init[969]: +----[SHA256]-----+
[ 1305.546133] cloud-init[969]: Generating public/private ed25519 key pair.
[ 1305.547895] cloud-init[969]: Your identification has been saved in /etc/ssh/ssh_host_ed25519_key.
[ 1305.550065] cloud-init[969]: Your public key has been saved in /etc/ssh/ssh_host_ed25519_key.pub.
[ 1305.552520] cloud-init[969]: The key fingerprint is:
[[0;32m  OK  [0m] Started Initial cloud-init job (metadata service crawler).
[ 1305.555820] [[0;32m  OK  [0m] Reached target Network is Online.
         Starting Availability of block devices...
[[0;32m  OK  [0m] Reached target Remote File Systems (Pre).
[[0;32m  OK  [0m] Reached target Remote File Systems.
[[0;32m  OK  [0m] Reached target Cloud-config availability.
[[0;32m  OK  [0m] Reached target System Initialization.
[[0;32m  OK  [0m] Started Ubuntu Advantage Timer for running repeated jobs.
[[0;32m  OK  [0m] Listening on UUID daemon activation socket.
[[0;32m  OK  [0m] Started Daily apt download activities.
[[0;32m  OK  [0m] Listening on ACPID Listen Socket.
[[0;32m  OK  [0m] Listening on cloud-init hotplug hook socket.
[[0;32m  OK  [0m] Started Daily Cleanup of Temporary Directories.
[[0;32m  OK  [0m] Started Message of the Day.
[[0;32m  OK  [0m] Listening on Open-iSCSI iscsid Socket.
[[0;32m  OK  [0m] Started Discard unused blocks once a week.
         Starting Socket activation for snappy daemon.
[[0;32m  OK  [0m] Listening on D-Bus System Message Bus Socket.
[[0;32m  OK  [0m] Started ACPI Events Check.
[[0;32m  OK  [0m] Reached target Paths.
[[0;32m  OK  [0m] Started Daily apt upgrade and clean activities.
[[0;32m  OK  [0m] Reached target Timers.
         Starting LXD - unix socket.
         Starting Cleanup of Temporary Directories...
[[0;32m  OK  [0m] Listening on Socket activation for snappy daemon.
[[0;32m  OK  [0m] Started Availability of block devices.
[[0;32m  OK  [0m] Listening on LXD - unix socket.
[[0;32m  OK  [0m] Reached target Sockets.
[[0;32m  OK  [0m] Reached target Basic System.
         Starting Dispatcher daemon for systemd-networkd...
         Starting LSB: automatic crash report generation...
         Starting Virtualbox guest utils...
         Starting LSB: Record successful boot for GRUB...
[[0;32m  OK  [0m] Started Deferred execution scheduler.
[[0;32m  OK  [0m] Started Regular background program processing daemon.
cloud-init[[0;32m  OK  [0m] Started irqbalance daemon.
[969]: SHA256:W0VSSWpHq9mlrIDzYdUqAYFP9xAYcMQuc4X++3CHHSA root@ubuntu-bionic
[ 1305.609501] cloud-init[969]: The key's randomart image is:
[ 1305.614084] cloud-init[969]: +--[ED25519 256]--+
[ 1305.617612] cloud-init[969]: |    .=*=...o=.   |
[ 1305.620772] cloud-init[969]: |    ..=.+  *..   |
[ 1305.623605] cloud-init[969]: |     = oEo= = .  |
[ 1305.632485] cloud-init[969]: |    o =. =.X o   |
[ 1305.633656] cloud-init[969]: |     +o.S = =    |
[ 1305.634876] cloud-init[969]: |       +.* + .   |
[ 1305.636243] cloud-init[969]: |        +.+ o    |
[ 1305.638072] cloud-init[969]: |        .o .     |
[ 1305.639649] cloud-init[969]: |         ..      |
[ 1305.640945] cloud-init[969]: +----[SHA256]-----+
         Starting Pollinate to seed the pseudo random number generator...
         Starting Permit User Sessions...
         Starting System Logging Service...
[[0;32m  OK  [0m] Started D-Bus System Message Bus.
         Starting Snap Daemon...
         Starting Login Service...
         Starting Accounts Service...
         Starting LXD - container startup/shutdown...
[[0;32m  OK  [0m] Started FUSE filesystem for LXC.
[[0;32m  OK  [0m] Started System Logging Service.
[[0;32m  OK  [0m] Started Cleanup of Temporary Directories.
[[0;32m  OK  [0m] Started Permit User Sessions.
         Starting Terminate Plymouth Boot Screen...
         Starting Hold until boot process finishes up...
[[0;32m  OK  [0m] Started Hold until boot process finishes up.
[[0;32m  OK  [0m] Started Terminate Plymouth Boot Screen.
         Starting Set console scheme...
[[0;32m  OK  [0m] Started Serial Getty on ttyS0.
[[0;32m  OK  [0m] Started Login Service.
[[0;32m  OK  [0m] Started Unattended Upgrades Shutdown.
[[0;32m  OK  [0m] Started Set console scheme.
[[0;32m  OK  [0m] Created slice system-getty.slice.
[[0;32m  OK  [0m] Started Getty on tty1.
[[0;32m  OK  [0m] Reached target Login Prompts.
[[0;32m  OK  [0m] Started LSB: automatic crash report generation.
[[0;32m  OK  [0m] Started Dispatcher daemon for systemd-networkd.
         Starting Authorization Manager...
[[0;32m  OK  [0m] Started Virtualbox guest utils.
[[0;32m  OK  [0m] Started LSB: Record successful boot for GRUB.
[[0;32m  OK  [0m] Started Authorization Manager.
[[0;32m  OK  [0m] Started Accounts Service.
[[0;32m  OK  [0m] Started LXD - container startup/shutdown.
[[0;32m  OK  [0m] Started Snap Daemon.
         Starting Wait until snapd is fully seeded...
         Starting Time & Date Service...
[[0;32m  OK  [0m] Started Time & Date Service.
[[0;32m  OK  [0m] Started Pollinate to seed the pseudo random number generator.
         Starting OpenBSD Secure Shell server...
[[0;32m  OK  [0m] Started OpenBSD Secure Shell server.
[[0;32m  OK  [0m] Started Wait until snapd is fully seeded.
         Starting Apply the settings specified in cloud-config...
[ 1309.729749] cloud-init[1510]: Cloud-init v. 22.3.4-0ubuntu1~18.04.1 running 'modules:config' at Wed, 26 Oct 2022 20:10:40 +0000. Up 1309.35 seconds.
[[0;32m  OK  [0m] Started Apply the settings specified in cloud-config.
[[0;32m  OK  [0m] Reached target Multi-User System.
[[0;32m  OK  [0m] Reached target Graphical Interface.
         Starting Update UTMP about System Runlevel Changes...
         Starting Execute cloud user/final scripts...
[[0;32m  OK  [0m] Started Update UTMP about System Runlevel Changes.
ci-info: no authorized SSH keys fingerprints found for user ubuntu.
<14>Oct 26 20:10:41 cloud-init: #############################################################
<14>Oct 26 20:10:41 cloud-init: -----BEGIN SSH HOST KEY FINGERPRINTS-----
<14>Oct 26 20:10:41 cloud-init: 1024 SHA256:hibhqi2BdGv7aq38nP6b3PaPeY1+H4TlMImkfsgWTKQ root@ubuntu-bionic (DSA)
<14>Oct 26 20:10:41 cloud-init: 256 SHA256:k8bCFey6av8a9SXRPTtwCpD9HLKmSjoLzu5lhMbCNDk root@ubuntu-bionic (ECDSA)
<14>Oct 26 20:10:41 cloud-init: 256 SHA256:W0VSSWpHq9mlrIDzYdUqAYFP9xAYcMQuc4X++3CHHSA root@ubuntu-bionic (ED25519)
<14>Oct 26 20:10:41 cloud-init: 2048 SHA256:rwEYbGlCn5N4KXryQ2t/4EtCMVgnKvXXzOObeNKnE9Q root@ubuntu-bionic (RSA)
<14>Oct 26 20:10:41 cloud-init: -----END SSH HOST KEY FINGERPRINTS-----
<14>Oct 26 20:10:41 cloud-init: #############################################################
-----BEGIN SSH HOST KEY KEYS-----
ecdsa-sha2-nistp256 AAAAE2VjZHNhLXNoYTItbmlzdHAyNTYAAAAIbmlzdHAyNTYAAABBBCcqQdL8iW8+1Gw/e6hVSRkOF5jEsYBMwGCP5F9U5W3aS3dXqxeP/WE6AB0uuOvA60eR4DQvg4oGJ0v5yMN2XcA= root@ubuntu-bionic
ssh-ed25519 AAAAC3NzaC1lZDI1NTE5AAAAIJLo7X1/sq7n5neR7oLonKAHnmQCJj+FemGfy4Bvp7U8 root@ubuntu-bionic
ssh-rsa AAAAB3NzaC1yc2EAAAADAQABAAABAQDwigNivu0/4MSuWwYpVWysM7PlEjvlDqTVNnyViSKg6cyyPozolO/J1/U9yTUV/K/NnVNwiO0P/PO1prKE9r6Lv0B5dJc8I9nOaIdB1It6ou+k4yLaBO3pW2O1dVM7Yyp5lqGagmRk2F9rlL8jGYezjYo77usFKukUNPJq136hJH8v5xrKbOZ2vTpGwImT1R16tKWeeUz+UX7GJR6r4cOVPKoBdVH7OvpaJ/I9zkLlZ0GD3ucMcmH64RzWDAcOPFsBHVYEX149bdbW/Iu2E+DvwnGHY1YRma5f5pvm+FtCbykR8q+Jm63hMzBTeTJYwcqRyT84FnUCXkswiK/w8OAT root@ubuntu-bionic
-----END SSH HOST KEY KEYS-----
[ 1310.250799] cloud-init[1566]: Cloud-init v. 22.3.4-0ubuntu1~18.04.1 running 'modules:final' at Wed, 26 Oct 2022 20:10:41 +0000. Up 1310.07 seconds.
[ 1310.254256] cloud-init[1566]: Cloud-init v. 22.3.4-0ubuntu1~18.04.1 finished at Wed, 26 Oct 2022 20:10:41 +0000. Datasource DataSourceNoCloud [seed=/dev/sdb][dsmode=net].  Up 1310.24 seconds
[[0;32m  OK  [0m] Started Execute cloud user/final scripts.
[[0;32m  OK  [0m] Reached target Cloud-init target.

Ubuntu 18.04.6 LTS ubuntu-bionic ttyS0

ubuntu-bionic login: 