[    0.000000] Linux version 4.15.0-194-generic (buildd@lcy02-amd64-052) (gcc version 7.5.0 (Ubuntu 7.5.0-3ubuntu1~18.04)) #205-Ubuntu SMP Fri Sep 16 19:49:27 UTC 2022 (Ubuntu 4.15.0-194.205-generic 4.15.18)
[    0.000000] Command line: BOOT_IMAGE=/boot/vmlinuz-4.15.0-194-generic root=LABEL=cloudimg-rootfs ro console=tty1 console=ttyS0
[    0.000000] KERNEL supported cpus:
[    0.000000]   Intel GenuineIntel
[    0.000000]   AMD AuthenticAMD
[    0.000000]   Centaur CentaurHauls
[    0.000000] x86/fpu: x87 FPU will use FXSAVE
[    0.000000] e820: BIOS-provided physical RAM map:
[    0.000000] BIOS-e820: [mem 0x0000000000000000-0x000000000009fbff] usable
[    0.000000] BIOS-e820: [mem 0x000000000009fc00-0x000000000009ffff] reserved
[    0.000000] BIOS-e820: [mem 0x00000000000f0000-0x00000000000fffff] reserved
[    0.000000] BIOS-e820: [mem 0x0000000000100000-0x000000003ffeffff] usable
[    0.000000] BIOS-e820: [mem 0x000000003fff0000-0x000000003fffffff] ACPI data
[    0.000000] BIOS-e820: [mem 0x00000000fec00000-0x00000000fec00fff] reserved
[    0.000000] BIOS-e820: [mem 0x00000000fee00000-0x00000000fee00fff] reserved
[    0.000000] BIOS-e820: [mem 0x00000000fffc0000-0x00000000ffffffff] reserved
[    0.000000] NX (Execute Disable) protection: active
[    0.000000] SMBIOS 2.5 present.
[    0.000000] DMI: innotek GmbH VirtualBox/VirtualBox, BIOS VirtualBox 12/01/2006
[    0.000000] Hypervisor detected: KVM
[    0.000000] e820: last_pfn = 0x3fff0 max_arch_pfn = 0x400000000
[    0.000000] MTRR: Disabled
[    0.000000] x86/PAT: MTRRs disabled, skipping PAT initialization too.
[    0.000000] CPU MTRRs all blank - virtualized system.
[    0.000000] x86/PAT: Configuration [0-7]: WB  WT  UC- UC  WB  WT  UC- UC  
[    0.000000] found SMP MP-table at [mem 0x0009fff0-0x0009ffff]
[    0.000000] Scanning 1 areas for low memory corruption
[    0.000000] RAMDISK: [mem 0x359cb000-0x36cdcfff]
[    0.000000] ACPI: Early table checksum verification disabled
[    0.000000] ACPI: RSDP 0x00000000000E0000 000024 (v02 VBOX  )
[    0.000000] ACPI: XSDT 0x000000003FFF0030 00003C (v01 VBOX   VBOXXSDT 00000001 ASL  00000061)
[    0.000000] ACPI: FACP 0x000000003FFF00F0 0000F4 (v04 VBOX   VBOXFACP 00000001 ASL  00000061)
[    0.000000] ACPI: DSDT 0x000000003FFF0470 002325 (v02 VBOX   VBOXBIOS 00000002 INTL 20100528)
[    0.000000] ACPI: FACS 0x000000003FFF0200 000040
[    0.000000] ACPI: FACS 0x000000003FFF0200 000040
[    0.000000] ACPI: APIC 0x000000003FFF0240 00005C (v02 VBOX   VBOXAPIC 00000001 ASL  00000061)
[    0.000000] ACPI: SSDT 0x000000003FFF02A0 0001CC (v01 VBOX   VBOXCPUT 00000002 INTL 20100528)
[    0.000000] ACPI: Reserving FACP table memory at [mem 0x3fff00f0-0x3fff01e3]
[    0.000000] ACPI: Reserving DSDT table memory at [mem 0x3fff0470-0x3fff2794]
[    0.000000] ACPI: Reserving FACS table memory at [mem 0x3fff0200-0x3fff023f]
[    0.000000] ACPI: Reserving FACS table memory at [mem 0x3fff0200-0x3fff023f]
[    0.000000] ACPI: Reserving APIC table memory at [mem 0x3fff0240-0x3fff029b]
[    0.000000] ACPI: Reserving SSDT table memory at [mem 0x3fff02a0-0x3fff046b]
[    0.000000] No NUMA configuration found
[    0.000000] Faking a node at [mem 0x0000000000000000-0x000000003ffeffff]
[    0.000000] NODE_DATA(0) allocated [mem 0x3ffc5000-0x3ffeffff]
[    0.000000] kvm-clock: cpu 0, msr 0:3ff44001, primary cpu clock
[    0.000000] kvm-clock: Using msrs 4b564d01 and 4b564d00
[    0.000000] kvm-clock: using sched offset of 3870365490 cycles
[    0.000000] clocksource: kvm-clock: mask: 0xffffffffffffffff max_cycles: 0x1cd42e4dffb, max_idle_ns: 881590591483 ns
[    0.000000] Zone ranges:
[    0.000000]   DMA      [mem 0x0000000000001000-0x0000000000ffffff]
[    0.000000]   DMA32    [mem 0x0000000001000000-0x000000003ffeffff]
[    0.000000]   Normal   empty
[    0.000000]   Device   empty
[    0.000000] Movable zone start for each node
[    0.000000] Early memory node ranges
[    0.000000]   node   0: [mem 0x0000000000001000-0x000000000009efff]
[    0.000000]   node   0: [mem 0x0000000000100000-0x000000003ffeffff]
[    0.000000] Reserved but unavailable: 104 pages
[    0.000000] Initmem setup node 0 [mem 0x0000000000001000-0x000000003ffeffff]
[    0.000000] ACPI: PM-Timer IO Port: 0x4008
[    0.000000] IOAPIC[0]: apic_id 2, version 32, address 0xfec00000, GSI 0-23
[    0.000000] ACPI: INT_SRC_OVR (bus 0 bus_irq 0 global_irq 2 dfl dfl)
[    0.000000] ACPI: INT_SRC_OVR (bus 0 bus_irq 9 global_irq 9 low level)
[    0.000000] Using ACPI (MADT) for SMP configuration information
[    0.000000] smpboot: Allowing 2 CPUs, 0 hotplug CPUs
[    0.000000] PM: Registered nosave memory: [mem 0x00000000-0x00000fff]
[    0.000000] PM: Registered nosave memory: [mem 0x0009f000-0x0009ffff]
[    0.000000] PM: Registered nosave memory: [mem 0x000a0000-0x000effff]
[    0.000000] PM: Registered nosave memory: [mem 0x000f0000-0x000fffff]
[    0.000000] e820: [mem 0x40000000-0xfebfffff] available for PCI devices
[    0.000000] Booting paravirtualized kernel on KVM
[    0.000000] clocksource: refined-jiffies: mask: 0xffffffff max_cycles: 0xffffffff, max_idle_ns: 7645519600211568 ns
[    0.000000] setup_percpu: NR_CPUS:8192 nr_cpumask_bits:2 nr_cpu_ids:2 nr_node_ids:1
[    0.000000] percpu: Embedded 50 pages/cpu s167936 r8192 d28672 u1048576
[    0.000000] PV qspinlock hash table entries: 256 (order: 0, 4096 bytes)
[    0.000000] Built 1 zonelists, mobility grouping on.  Total pages: 257913
[    0.000000] Policy zone: DMA32
[    0.000000] Kernel command line: BOOT_IMAGE=/boot/vmlinuz-4.15.0-194-generic root=LABEL=cloudimg-rootfs ro console=tty1 console=ttyS0
[    0.000000] Memory: 982652K/1048120K available (12300K kernel code, 2477K rwdata, 4320K rodata, 2472K init, 2720K bss, 65468K reserved, 0K cma-reserved)
[    0.000000] SLUB: HWalign=64, Order=0-3, MinObjects=0, CPUs=2, Nodes=1
[    0.000000] ftrace: allocating 39477 entries in 155 pages
[    0.004000] Hierarchical RCU implementation.
[    0.004000] 	RCU restricting CPUs from NR_CPUS=8192 to nr_cpu_ids=2.
[    0.004000] 	Tasks RCU enabled.
[    0.004000] RCU: Adjusting geometry for rcu_fanout_leaf=16, nr_cpu_ids=2
[    0.004000] NR_IRQS: 524544, nr_irqs: 440, preallocated irqs: 16
[    0.004000] Console: colour VGA+ 80x25
[    0.004000] console [tty1] enabled
[    0.004000] console [ttyS0] enabled
[    0.004000] ACPI: Core revision 20170831
[    0.004000] ACPI: 2 ACPI AML tables successfully acquired and loaded
[    0.004000] APIC: Switch to symmetric I/O mode setup
[    0.004000] ..TIMER: vector=0x30 apic1=0 pin1=2 apic2=-1 pin2=-1
[    0.004000] tsc: Detected 2592.008 MHz processor
[    0.004000] Calibrating delay loop (skipped) preset value.. 5184.01 BogoMIPS (lpj=10368032)
[    0.004004] pid_max: default: 32768 minimum: 301
[    0.008068] Security Framework initialized
[    0.012002] Yama: becoming mindful.
[    0.015354] AppArmor: AppArmor initialized
[    0.021494] Dentry cache hash table entries: 131072 (order: 8, 1048576 bytes)
[    0.025297] Inode-cache hash table entries: 65536 (order: 7, 524288 bytes)
[    0.028056] Mount-cache hash table entries: 2048 (order: 2, 16384 bytes)
[    0.032067] Mountpoint-cache hash table entries: 2048 (order: 2, 16384 bytes)
[    0.040032] Last level iTLB entries: 4KB 64, 2MB 8, 4MB 8
[    0.043689] Last level dTLB entries: 4KB 64, 2MB 0, 4MB 0, 1GB 4
[    0.044007] Spectre V1 : Mitigation: usercopy/swapgs barriers and __user pointer sanitization
[    0.048006] Spectre V2 : Mitigation: Enhanced IBRS
[    0.052003] Spectre V2 : Spectre v2 / SpectreRSB mitigation: Filling RSB on context switch
[    0.056004] Speculative Store Bypass: Vulnerable
[    0.059226] MMIO Stale Data: Vulnerable: Clear CPU buffers attempted, no microcode
[    0.060146] Freeing SMP alternatives memory: 36K
[    0.189166] APIC calibration not consistent with PM-Timer: 109ms instead of 100ms
[    0.192000] APIC delta adjusted to PM-Timer: 6411641 (7026163)
[    0.192276] smpboot: CPU0: Intel(R) Core(TM) i7-10750H CPU @ 2.60GHz (family: 0x6, model: 0xa5, stepping: 0x2)
[    0.196423] Performance Events: unsupported p6 CPU model 165 no PMU driver, software events only.
[    0.200088] Hierarchical SRCU implementation.
[    0.203656] NMI watchdog: Perf event create on CPU 0 failed with -2
[    0.204002] NMI watchdog: Perf NMI watchdog permanently disabled
[    0.208206] smp: Bringing up secondary CPUs ...
[    0.212636] x86: Booting SMP configuration:
[    0.216002] .... node  #0, CPUs:      #1
[    0.004000] kvm-clock: cpu 1, msr 0:3ff44041, secondary cpu clock
[    0.227374] TSC synchronization [CPU#0 -> CPU#1]:
[    0.228000] Measured 92181 cycles TSC warp between CPUs, turning off TSC clock.
[    0.228000] tsc: Marking TSC unstable due to check_tsc_sync_source failed
[    0.232004] smp: Brought up 1 node, 2 CPUs
[    0.235094] smpboot: Max logical packages: 1
[    0.236004] smpboot: Total of 2 processors activated (10368.03 BogoMIPS)
[    0.244059] devtmpfs: initialized
[    0.246357] x86/mm: Memory block size: 128MB
[    0.248319] evm: security.selinux
[    0.252002] evm: security.SMACK64
[    0.254216] evm: security.SMACK64EXEC
[    0.256002] evm: security.SMACK64TRANSMUTE
[    0.260002] evm: security.SMACK64MMAP
[    0.262430] evm: security.apparmor
[    0.264002] evm: security.ima
[    0.266066] evm: security.capability
[    0.268278] clocksource: jiffies: mask: 0xffffffff max_cycles: 0xffffffff, max_idle_ns: 7645041785100000 ns
[    0.272006] futex hash table entries: 512 (order: 3, 32768 bytes)
[    0.276138] pinctrl core: initialized pinctrl subsystem
[    0.280002] RTC time:  9:06:12, date: 10/27/22
[    0.284129] NET: Registered protocol family 16
[    0.287206] audit: initializing netlink subsys (disabled)
[    0.288145] audit: type=2000 audit(1666861577.205:1): state=initialized audit_enabled=0 res=1
[    0.296005] cpuidle: using governor ladder
[    0.300006] cpuidle: using governor menu
[    0.304028] ACPI: bus type PCI registered
[    0.306763] acpiphp: ACPI Hot Plug PCI Controller Driver version: 0.5
[    0.312003] PCI: Using configuration type 1 for base access
[    0.317535] HugeTLB registered 2.00 MiB page size, pre-allocated 0 pages
[    0.324492] ACPI: Added _OSI(Module Device)
[    0.328003] ACPI: Added _OSI(Processor Device)
[    0.330903] ACPI: Added _OSI(3.0 _SCP Extensions)
[    0.332007] ACPI: Added _OSI(Processor Aggregator Device)
[    0.336139] ACPI: Added _OSI(Linux-Dell-Video)
[    0.340003] ACPI: Added _OSI(Linux-Lenovo-NV-HDMI-Audio)
[    0.344002] ACPI: Added _OSI(Linux-HPI-Hybrid-Graphics)
[    0.348709] ACPI: Executed 1 blocks of module-level executable AML code
[    0.358267] ACPI: Interpreter enabled
[    0.360018] ACPI: (supports S0 S5)
[    0.362356] ACPI: Using IOAPIC for interrupt routing
[    0.364340] PCI: Using host bridge windows from ACPI; if necessary, use "pci=nocrs" and report a bug
[    0.368196] ACPI: Enabled 2 GPEs in block 00 to 07
[    0.380943] ACPI: PCI Root Bridge [PCI0] (domain 0000 [bus 00-ff])
[    0.384006] acpi PNP0A03:00: _OSC: OS supports [ASPM ClockPM Segments MSI]
[    0.388648] acpi PNP0A03:00: _OSC: not requesting OS control; OS requires [ExtendedConfig ASPM ClockPM MSI]
[    0.392009] acpi PNP0A03:00: fail to add MMCONFIG information, can't access extended PCI configuration space under this bridge.
[    0.396615] PCI host bridge to bus 0000:00
[    0.399304] pci_bus 0000:00: root bus resource [io  0x0000-0x0cf7 window]
[    0.400003] pci_bus 0000:00: root bus resource [io  0x0d00-0xffff window]
[    0.404003] pci_bus 0000:00: root bus resource [mem 0x000a0000-0x000bffff window]
[    0.408003] pci_bus 0000:00: root bus resource [mem 0x40000000-0xfdffffff window]
[    0.412003] pci_bus 0000:00: root bus resource [bus 00-ff]
[    0.421498] pci 0000:00:01.1: legacy IDE quirk: reg 0x10: [io  0x01f0-0x01f7]
[    0.424003] pci 0000:00:01.1: legacy IDE quirk: reg 0x14: [io  0x03f6]
[    0.428003] pci 0000:00:01.1: legacy IDE quirk: reg 0x18: [io  0x0170-0x0177]
[    0.432002] pci 0000:00:01.1: legacy IDE quirk: reg 0x1c: [io  0x0376]
[    0.452414] pci 0000:00:07.0: quirk: [io  0x4000-0x403f] claimed by PIIX4 ACPI
[    0.456029] pci 0000:00:07.0: quirk: [io  0x4100-0x410f] claimed by PIIX4 SMB
[    0.473665] ACPI: PCI Interrupt Link [LNKA] (IRQs 5 9 10 *11)
[    0.476460] ACPI: PCI Interrupt Link [LNKB] (IRQs 5 9 *10 11)
[    0.480215] ACPI: PCI Interrupt Link [LNKC] (IRQs 5 *9 10 11)
[    0.484173] ACPI: PCI Interrupt Link [LNKD] (IRQs 5 9 10 *11)
[    0.488593] SCSI subsystem initialized
[    0.492159] pci 0000:00:02.0: vgaarb: setting as boot VGA device
[    0.495844] pci 0000:00:02.0: vgaarb: VGA device added: decodes=io+mem,owns=io+mem,locks=none
[    0.496004] pci 0000:00:02.0: vgaarb: bridge control possible
[    0.504003] vgaarb: loaded
[    0.505883] ACPI: bus type USB registered
[    0.508028] usbcore: registered new interface driver usbfs
[    0.512009] usbcore: registered new interface driver hub
[    0.516022] usbcore: registered new device driver usb
[    0.520091] EDAC MC: Ver: 3.0.0
[    0.524117] PCI: Using ACPI for IRQ routing
[    0.527500] NetLabel: Initializing
[    0.528002] NetLabel:  domain hash size = 128
[    0.532002] NetLabel:  protocols = UNLABELED CIPSOv4 CALIPSO
[    0.536098] NetLabel:  unlabeled traffic allowed by default
[    0.540161] clocksource: Switched to clocksource kvm-clock
[    0.563184] VFS: Disk quotas dquot_6.6.0
[    0.563184] VFS: Dquot-cache hash table entries: 512 (order 0, 4096 bytes)
[    0.563184] AppArmor: AppArmor Filesystem Enabled
[    0.563184] pnp: PnP ACPI init
[    0.563184] pnp: PnP ACPI: found 3 devices
[    0.624640] clocksource: acpi_pm: mask: 0xffffff max_cycles: 0xffffff, max_idle_ns: 2085701024 ns
[    0.628492] NET: Registered protocol family 2
[    0.628492] IP idents hash table entries: 16384 (order: 5, 131072 bytes)
[    0.638765] TCP established hash table entries: 8192 (order: 4, 65536 bytes)
[    0.643841] TCP bind hash table entries: 8192 (order: 5, 131072 bytes)
[    0.647644] TCP: Hash tables configured (established 8192 bind 8192)
[    0.647644] UDP hash table entries: 512 (order: 2, 16384 bytes)
[    0.647644] UDP-Lite hash table entries: 512 (order: 2, 16384 bytes)
[    0.647644] NET: Registered protocol family 1
[    0.647644] pci 0000:00:00.0: Limiting direct PCI/PCI transfers
[    0.647644] pci 0000:00:01.0: Activating ISA DMA hang workarounds
[    0.647644] pci 0000:00:02.0: Video device with shadowed ROM at [mem 0x000c0000-0x000dffff]
[    0.647644] Unpacking initramfs...
[    0.647644] Freeing initrd memory: 19528K
[    0.647644] clocksource: tsc: mask: 0xffffffffffffffff max_cycles: 0x255cbea3061, max_idle_ns: 440795313801 ns
[    0.647644] platform rtc_cmos: registered platform RTC device (no PNP device found)
[    0.647644] Scanning for low memory corruption every 60 seconds
[    1.055622] Initialise system trusted keyrings
[    1.058824] Key type blacklist registered
[    1.062190] workingset: timestamp_bits=36 max_order=18 bucket_order=0
[    1.069629] zbud: loaded
[    1.073113] squashfs: version 4.0 (2009/01/31) Phillip Lougher
[    1.077734] fuse init (API version 7.26)
[    1.103819] Key type asymmetric registered
[    1.106685] Asymmetric key parser 'x509' registered
[    1.110045] Block layer SCSI generic (bsg) driver version 0.4 loaded (major 246)
[    1.115650] io scheduler noop registered
[    1.118516] io scheduler deadline registered
[    1.121570] io scheduler cfq registered (default)
[    1.125438] ACPI: AC Adapter [AC] (on-line)
[    1.128262] input: Power Button as /devices/LNXSYSTM:00/LNXPWRBN:00/input/input0
[    1.133682] ACPI: Power Button [PWRF]
[    1.136222] input: Sleep Button as /devices/LNXSYSTM:00/LNXSLPBN:00/input/input1
[    1.141233] ACPI: Sleep Button [SLPF]
[    1.145451] ACPI: Battery Slot [BAT0] (battery present)
[    1.148238] Serial: 8250/16550 driver, 32 ports, IRQ sharing enabled
[    1.181349] 00:02: ttyS0 at I/O 0x3f8 (irq = 4, base_baud = 115200) is a 16550A
[    1.188963] Linux agpgart interface v0.103
[    1.195663] loop: module loaded
[    1.200497] scsi host0: ata_piix
[    1.203617] scsi host1: ata_piix
[    1.206212] ata1: PATA max UDMA/33 cmd 0x1f0 ctl 0x3f6 bmdma 0xd000 irq 14
[    1.210897] ata2: PATA max UDMA/33 cmd 0x170 ctl 0x376 bmdma 0xd008 irq 15
[    1.215689] tun: Universal TUN/TAP device driver, 1.6
[    1.219553] PPP generic driver version 2.4.2
[    1.223160] ehci_hcd: USB 2.0 'Enhanced' Host Controller (EHCI) Driver
[    1.227661] ehci-pci: EHCI PCI platform driver
[    1.230873] ehci-platform: EHCI generic platform driver
[    1.234480] ohci_hcd: USB 1.1 'Open' Host Controller (OHCI) Driver
[    1.238767] ohci-pci: OHCI PCI platform driver
[    1.242136] ohci-platform: OHCI generic platform driver
[    1.245701] uhci_hcd: USB Universal Host Controller Interface driver
[    1.250009] i8042: PNP: PS/2 Controller [PNP0303:PS2K,PNP0f03:PS2M] at 0x60,0x64 irq 1,12
[    1.258060] serio: i8042 KBD port at 0x60,0x64 irq 1
[    1.261845] serio: i8042 AUX port at 0x60,0x64 irq 12
[    1.265521] mousedev: PS/2 mouse device common for all mice
[    1.270820] input: AT Translated Set 2 keyboard as /devices/platform/i8042/serio0/input/input2
[    1.277990] rtc_cmos rtc_cmos: rtc core: registered rtc_cmos as rtc0
[    1.282808] rtc_cmos rtc_cmos: alarms up to one day, 114 bytes nvram
[    1.286995] i2c /dev entries driver
[    1.289533] device-mapper: uevent: version 1.0.3
[    1.292889] device-mapper: ioctl: 4.37.0-ioctl (2017-09-20) initialised: dm-devel@redhat.com
[    1.298459] ledtrig-cpu: registered to indicate activity on CPUs
[    1.304998] NET: Registered protocol family 10
[    1.316335] Segment Routing with IPv6
[    1.318699] NET: Registered protocol family 17
[    1.322203] Key type dns_resolver registered
[    1.326012] mce: Using 0 MCE banks
[    1.328283] RAS: Correctable Errors collector initialized.
[    1.331919] sched_clock: Marking stable (1331880721, 0)->(1831068853, -499188132)
[    1.339817] registered taskstats version 1
[    1.342563] Loading compiled-in X.509 certificates
[    1.349536] Loaded X.509 cert 'Build time autogenerated kernel key: 6303a3b02fa1c7713b8a75ba7ba622fabd5dd271'
[    1.356247] Loaded X.509 cert 'Canonical Ltd. Live Patch Signing: 14df34d1a87cf37625abec039ef2bf521249b969'
[    1.363197] Loaded X.509 cert 'Canonical Ltd. Kernel Module Signing: 88f752e560a1e0737e31163a466ad7b70a850c19'
[    1.369543] blacklist: Loading compiled-in revocation X.509 certificates
[    1.376534] Loaded X.509 cert 'Canonical Ltd. Secure Boot Signing: 61482aa2830d0ab2ad5af10b7250da9033ddcef0'
[    1.383096] zswap: loaded using pool lzo/zbud
[    1.429412] Key type big_key registered
[    1.432787] Key type trusted registered
[    1.439136] Key type encrypted registered
[    1.442247] AppArmor: AppArmor sha1 policy hashing enabled
[    1.446073] ima: No TPM chip found, activating TPM-bypass! (rc=-19)
[    1.450807] ima: Allocated hash algorithm: sha1
[    1.454118] evm: HMAC attrs: 0x1
[    1.457324]   Magic number: 10:73:122
[    1.459954] acpi LNXSYBUS:00: hash matches
[    1.463682] rtc_cmos rtc_cmos: setting system clock to 2022-10-27 09:06:13 UTC (1666861573)
[    1.469825] BIOS EDD facility v0.16 2004-Jun-25, 0 devices found
[    1.474417] EDD information not available.
[    1.480606] Freeing unused kernel image memory: 2472K
[    1.504838] Write protecting the kernel read-only data: 20480k
[    1.510553] Freeing unused kernel image memory: 2008K
[    1.514840] Freeing unused kernel image memory: 1824K
[    1.524256] x86/mm: Checked W+X mappings: passed, no W+X pages found.
Loading, please wait...
starting version 237
[    1.587778] e1000: Intel(R) PRO/1000 Network Driver - version 7.3.21-k8-NAPI
[    1.593378] e1000: Copyright (c) 1999-2006 Intel Corporation.
[    1.599107] Fusion MPT base driver 3.04.20
[    1.602016] Copyright (c) 1999-2008 LSI Corporation
[    1.619678] Fusion MPT SPI Host driver 3.04.20
[    1.845394] input: ImExPS/2 Generic Explorer Mouse as /devices/platform/i8042/serio1/input/input4
[    2.172604] e1000 0000:00:03.0 eth0: (PCI:33MHz:32-bit) 02:ef:f7:70:2e:71
[    2.177171] e1000 0000:00:03.0 eth0: Intel(R) PRO/1000 Network Connection
[    2.183353] mptbase: ioc0: Initiating bringup
[    2.311563] ioc0: LSI53C1030 A0: Capabilities={Initiator}
[    4.309038] scsi host2: ioc0: LSI53C1030 A0, FwRev=00000000h, Ports=1, MaxQ=256, IRQ=20
[    4.673306] scsi 2:0:0:0: Direct-Access     VBOX     HARDDISK         1.0  PQ: 0 ANSI: 5
[    4.720146] scsi target2:0:0: Beginning Domain Validation
[    4.730766] scsi target2:0:0: Domain Validation skipping write tests
[    4.735349] scsi target2:0:0: Ending Domain Validation
[    4.739783] scsi target2:0:0: asynchronous
[    4.750657] scsi 2:0:1:0: Direct-Access     VBOX     HARDDISK         1.0  PQ: 0 ANSI: 5
[    5.068620] scsi target2:0:1: Beginning Domain Validation
[    5.078955] scsi target2:0:1: Domain Validation skipping write tests
[    5.083543] scsi target2:0:1: Ending Domain Validation
[    5.087639] scsi target2:0:1: asynchronous
[    5.101848] sd 2:0:0:0: Attached scsi generic sg0 type 0
[    5.106277] sd 2:0:1:0: Attached scsi generic sg1 type 0
[    5.108859] sd 2:0:0:0: [sda] 83886080 512-byte logical blocks: (42.9 GB/40.0 GiB)
[    5.116171] sd 2:0:1:0: [sdb] 20480 512-byte logical blocks: (10.5 MB/10.0 MiB)
[    5.121351] sd 2:0:1:0: [sdb] Write Protect is off
[    5.125036] sd 2:0:0:0: [sda] Write Protect is off
[    5.128724] sd 2:0:1:0: [sdb] Incomplete mode parameter data
[    5.133141] sd 2:0:1:0: [sdb] Assuming drive cache: write through
[    5.137589] sd 2:0:0:0: [sda] Incomplete mode parameter data
[    5.142164] sd 2:0:0:0: [sda] Assuming drive cache: write through
[    5.161378]  sda: sda1
[    5.165147] sd 2:0:1:0: [sdb] Attached SCSI disk
[    5.170424] sd 2:0:0:0: [sda] Attached SCSI disk
[    5.321776] e1000 0000:00:08.0 eth1: (PCI:33MHz:32-bit) 08:00:27:97:e1:e9
[    5.326526] e1000 0000:00:08.0 eth1: Intel(R) PRO/1000 Network Connection
[    5.904667] e1000 0000:00:09.0 eth2: (PCI:33MHz:32-bit) 08:00:27:7c:5a:52
[    5.909540] e1000 0000:00:09.0 eth2: Intel(R) PRO/1000 Network Connection
[    5.917662] e1000 0000:00:09.0 enp0s9: renamed from eth2
